<?xml version="1.0" encoding="UTF-8"?>
<!-- Generated by org.testng.reporters.JUnitReportReporter -->
<testsuite skipped="0" hostname="PunitRanjan2105" name="com.Java_Class.A21" tests="6" failures="0" timestamp="2022-04-09T10:28:47 IST" time="0.025" errors="0">
  <testcase name="m4" time="0.002" classname="com.Java_Class.A21"/>
  <system-out/>
  <testcase name="m5" time="0.003" classname="com.Java_Class.A21"/>
  <system-out/>
  <testcase name="m6" time="0.002" classname="com.Java_Class.A21"/>
  <system-out/>
  <testcase name="m1" time="0.002" classname="com.Java_Class.A21"/>
  <system-out/>
  <testcase name="m3" time="0.013" classname="com.Java_Class.A21"/>
  <system-out/>
  <testcase name="m2" time="0.003" classname="com.Java_Class.A21"/>
  <system-out/>
</testsuite> <!-- com.Java_Class.A21 -->
