<?xml version="1.0" encoding="UTF-8"?>
<!-- Generated by org.testng.reporters.JUnitReportReporter -->
<testsuite hostname="Punit" failures="0" tests="1" name="com.src.Practicepackage.CreateOrganizationTest" time="26.902" errors="0" timestamp="2022-03-16T16:27:45 IST" skipped="0">
  <testcase classname="com.src.Practicepackage.CreateOrganizationTest" name="create_organization" time="26.902"/>
  <system-out/>
</testsuite> <!-- com.src.Practicepackage.CreateOrganizationTest -->
