<?xml version="1.0" encoding="UTF-8"?>
<!-- Generated by org.testng.reporters.JUnitReportReporter -->
<testsuite hostname="Punit" failures="0" tests="2" name="com.src.Practicepackage.PracticeTestng" time="47.518" errors="0" timestamp="2022-03-14T08:08:29 IST" skipped="0">
  <testcase classname="com.src.Practicepackage.PracticeTestng" name="calenderHandling_goibibo" time="30.317"/>
  <system-out/>
  <testcase classname="com.src.Practicepackage.PracticeTestng" name="bookhotelOnIbibo" time="17.201"/>
  <system-out/>
</testsuite> <!-- com.src.Practicepackage.PracticeTestng -->
