<?xml version="1.0" encoding="UTF-8"?>
<!-- Generated by org.testng.reporters.JUnitReportReporter -->
<testsuite skipped="0" hostname="PunitRanjan2105" name="com.Create_Product.CreateProductTest" tests="1" failures="0" timestamp="2022-03-28T17:37:36 IST" time="17.248" errors="0">
  <testcase name="create_product" time="17.248" classname="com.Create_Product.CreateProductTest"/>
  <system-out/>
</testsuite> <!-- com.Create_Product.CreateProductTest -->
