<?xml version="1.0" encoding="UTF-8"?>
<!-- Generated by org.testng.reporters.JUnitReportReporter -->
<testsuite skipped="0" hostname="PunitRanjan2105" name="com.Practice.Organization_creation" tests="1" failures="0" timestamp="2022-04-10T22:47:21 IST" time="9.729" errors="0">
  <testcase name="create_organization" time="9.729" classname="com.Practice.Organization_creation"/>
  <system-out/>
</testsuite> <!-- com.Practice.Organization_creation -->
