<?xml version="1.0" encoding="UTF-8"?>
<!-- Generated by org.testng.reporters.JUnitReportReporter -->
<testsuite hostname="Punit" failures="0" tests="4" name="com.Test_Ng.Login_to_vtiger" time="0.022" errors="0" timestamp="2022-03-15T17:24:49 IST" skipped="0">
  <testcase classname="com.Test_Ng.Login_to_vtiger" name="campaign" time="0.013"/>
  <system-out/>
  <testcase classname="com.Test_Ng.Login_to_vtiger" name="product" time="0.003"/>
  <system-out/>
  <testcase classname="com.Test_Ng.Login_to_vtiger" name="login" time="0.002"/>
  <system-out/>
  <testcase classname="com.Test_Ng.Login_to_vtiger" name="organization" time="0.004"/>
  <system-out/>
</testsuite> <!-- com.Test_Ng.Login_to_vtiger -->
