<?xml version="1.0" encoding="UTF-8"?>
<!-- Generated by org.testng.reporters.JUnitReportReporter -->
<testsuite hostname="Punit" failures="0" tests="4" name="com.src.Practicepackage.Printdataof_dataprovider" time="0.031" errors="0" timestamp="2022-03-14T12:54:18 IST" skipped="0">
  <testcase classname="com.src.Practicepackage.Printdataof_dataprovider" name="contact_Create" time="0.003"/>
  <system-out/>
  <testcase classname="com.src.Practicepackage.Printdataof_dataprovider" name="contact_Create" time="0.022"/>
  <system-out/>
  <testcase classname="com.src.Practicepackage.Printdataof_dataprovider" name="contact_Create" time="0.004"/>
  <system-out/>
  <testcase classname="com.src.Practicepackage.Printdataof_dataprovider" name="contact_Create" time="0.002"/>
  <system-out/>
</testsuite> <!-- com.src.Practicepackage.Printdataof_dataprovider -->
