<?xml version="1.0" encoding="UTF-8"?>
<!-- Generated by org.testng.reporters.JUnitReportReporter -->
<testsuite hostname="Punit" failures="0" tests="2" name="com.Test_Ng.Testng_2DataProvider" time="0.012" errors="0" timestamp="2022-03-14T14:09:48 IST" skipped="0">
  <testcase classname="com.Test_Ng.Testng_2DataProvider" name="showdata" time="0.003"/>
  <system-out/>
  <testcase classname="com.Test_Ng.Testng_2DataProvider" name="showdata" time="0.009"/>
  <system-out/>
</testsuite> <!-- com.Test_Ng.Testng_2DataProvider -->
