<?xml version="1.0" encoding="UTF-8"?>
<!-- Generated by org.testng.reporters.JUnitReportReporter -->
<testsuite hostname="Punit" failures="0" tests="1" name="com.crm.GenericUtility.Base_Class" time="18.637" errors="0" timestamp="2022-03-16T15:10:53 IST" skipped="0">
  <testcase classname="com.crm.GenericUtility.Base_Class" name="create_campaign_with_product" time="18.637"/>
  <system-out/>
</testsuite> <!-- com.crm.GenericUtility.Base_Class -->
