<?xml version="1.0" encoding="UTF-8"?>
<!-- Generated by org.testng.reporters.JUnitReportReporter -->
<testsuite hostname="Punit" failures="0" tests="2" name="com.Test_Ng.Testng_dependsOnMethods" time="28.619" errors="0" timestamp="2022-03-14T13:58:31 IST" skipped="0">
  <testcase classname="com.Test_Ng.Testng_dependsOnMethods" name="contact_Create" time="20.913"/>
  <system-out/>
  <testcase classname="com.Test_Ng.Testng_dependsOnMethods" name="vtigerLogin" time="7.706"/>
  <system-out/>
</testsuite> <!-- com.Test_Ng.Testng_dependsOnMethods -->
