<?xml version="1.0" encoding="UTF-8"?>
<!-- Generated by org.testng.reporters.JUnitReportReporter -->
<testsuite hostname="Punit" failures="0" tests="1" name="com.CampaignWithProduct.CreateCampaignWithProduct" time="26.087" errors="0" timestamp="2022-03-21T16:10:13 IST" skipped="0">
  <testcase classname="com.CampaignWithProduct.CreateCampaignWithProduct" name="create_campaign_with_product" time="26.087"/>
  <system-out/>
</testsuite> <!-- com.CampaignWithProduct.CreateCampaignWithProduct -->
