<?xml version="1.0" encoding="UTF-8"?>
<!-- Generated by org.testng.reporters.JUnitReportReporter -->
<testsuite skipped="0" hostname="PunitRanjan2105" name="com.createPurchaseOrder.CreatePurchaseOrderTest" tests="1" failures="0" timestamp="2022-03-28T17:37:36 IST" time="51.688" errors="0">
  <testcase name="create_purchase_order" time="51.688" classname="com.createPurchaseOrder.CreatePurchaseOrderTest"/>
  <system-out/>
</testsuite> <!-- com.createPurchaseOrder.CreatePurchaseOrderTest -->
