<?xml version="1.0" encoding="UTF-8"?>
<!-- Generated by org.testng.reporters.JUnitReportReporter -->
<testsuite skipped="0" hostname="PunitRanjan2105" name="com.Array_Practice.PracticeHome" tests="1" failures="0" timestamp="2022-05-16T22:25:11 IST" time="0.017" errors="0">
  <testcase name="c" time="0.017" classname="com.Array_Practice.PracticeHome"/>
  <system-out/>
</testsuite> <!-- com.Array_Practice.PracticeHome -->
