<?xml version="1.0" encoding="UTF-8"?>
<!-- Generated by org.testng.reporters.JUnitReportReporter -->
<testsuite hostname="Punit" failures="0" tests="1" name="com.createPurchaseOrder.CreatePurchaseOrder2Test" time="31.814" errors="0" timestamp="2022-03-17T16:48:37 IST" skipped="0">
  <testcase classname="com.createPurchaseOrder.CreatePurchaseOrder2Test" name="create_purchase_order" time="31.814"/>
  <system-out/>
</testsuite> <!-- com.createPurchaseOrder.CreatePurchaseOrder2Test -->
