<?xml version="1.0" encoding="UTF-8"?>
<!-- Generated by org.testng.reporters.JUnitReportReporter -->
<testsuite hostname="Punit" failures="0" tests="12" name="com.Test_Ng.LoginToVtiger2" time="0.037" errors="0" timestamp="2022-03-16T11:47:50 IST" skipped="0">
  <testcase classname="com.Test_Ng.LoginToVtiger2" name="organization" time="0.002"/>
  <system-out/>
  <testcase classname="com.Test_Ng.LoginToVtiger2" name="logout1" time="0.002"/>
  <system-out/>
  <testcase classname="com.Test_Ng.LoginToVtiger2" name="contact" time="0.002"/>
  <system-out/>
  <testcase classname="com.Test_Ng.LoginToVtiger2" name="product" time="0.002"/>
  <system-out/>
  <testcase classname="com.Test_Ng.LoginToVtiger2" name="logout" time="0.004"/>
  <system-out/>
  <testcase classname="com.Test_Ng.LoginToVtiger2" name="campaign1" time="0.002"/>
  <system-out/>
  <testcase classname="com.Test_Ng.LoginToVtiger2" name="product1" time="0.002"/>
  <system-out/>
  <testcase classname="com.Test_Ng.LoginToVtiger2" name="login" time="0.002"/>
  <system-out/>
  <testcase classname="com.Test_Ng.LoginToVtiger2" name="contact1" time="0.002"/>
  <system-out/>
  <testcase classname="com.Test_Ng.LoginToVtiger2" name="organization1" time="0.004"/>
  <system-out/>
  <testcase classname="com.Test_Ng.LoginToVtiger2" name="campaign" time="0.011"/>
  <system-out/>
  <testcase classname="com.Test_Ng.LoginToVtiger2" name="login1" time="0.002"/>
  <system-out/>
</testsuite> <!-- com.Test_Ng.LoginToVtiger2 -->
