<?xml version="1.0" encoding="UTF-8"?>
<!-- Generated by org.testng.reporters.JUnitReportReporter -->
<testsuite hostname="Punit" failures="0" tests="4" name="com.src.Practicepackage.Providing_Data_provider" time="74.210" errors="0" timestamp="2022-03-14T12:55:44 IST" skipped="0">
  <testcase classname="com.src.Practicepackage.Providing_Data_provider" name="contact_Create" time="18.444"/>
  <system-out/>
  <testcase classname="com.src.Practicepackage.Providing_Data_provider" name="contact_Create" time="18.114"/>
  <system-out/>
  <testcase classname="com.src.Practicepackage.Providing_Data_provider" name="contact_Create" time="19.487"/>
  <system-out/>
  <testcase classname="com.src.Practicepackage.Providing_Data_provider" name="contact_Create" time="18.165"/>
  <system-out/>
</testsuite> <!-- com.src.Practicepackage.Providing_Data_provider -->
