<?xml version="1.0" encoding="UTF-8"?>
<!-- Generated by org.testng.reporters.JUnitReportReporter -->
<testsuite skipped="0" hostname="PunitRanjan2105" name="com.createOrganizationIndustry.CreateOrganizationwithIndustryTest" tests="1" failures="0" timestamp="2022-03-28T17:37:36 IST" time="29.800" errors="0">
  <testcase name="create_organization_with_industry" time="29.800" classname="com.createOrganizationIndustry.CreateOrganizationwithIndustryTest"/>
  <system-out/>
</testsuite> <!-- com.createOrganizationIndustry.CreateOrganizationwithIndustryTest -->
