<?xml version="1.0" encoding="UTF-8"?>
<!-- Generated by org.testng.reporters.JUnitReportReporter -->
<testsuite skipped="0" hostname="PunitRanjan2105" name="com.Practice.CreatePurchaseOrder" tests="1" failures="0" timestamp="2022-05-14T23:31:07 IST" time="4.400" errors="0">
  <testcase name="create_organization" time="4.400" classname="com.Practice.CreatePurchaseOrder"/>
  <system-out/>
</testsuite> <!-- com.Practice.CreatePurchaseOrder -->
