<?xml version="1.0" encoding="UTF-8"?>
<!-- Generated by org.testng.reporters.JUnitReportReporter -->
<testsuite skipped="0" hostname="PunitRanjan2105" name="com.CampaignWithProduct.CreateCampaignWithProduct_Test" tests="1" failures="0" timestamp="2022-04-22T23:11:38 IST" time="22.195" errors="0">
  <testcase name="create_campaign_with_product" time="22.195" classname="com.CampaignWithProduct.CreateCampaignWithProduct_Test"/>
  <system-out/>
</testsuite> <!-- com.CampaignWithProduct.CreateCampaignWithProduct_Test -->
