<?xml version="1.0" encoding="UTF-8"?>
<!-- Generated by org.testng.reporters.JUnitReportReporter -->
<testsuite hostname="Punit" failures="0" tests="1" name="com.src.Practicepackage.Hard_Assert_methods_uses" time="0.014" errors="0" timestamp="2022-03-16T17:37:17 IST" skipped="0">
  <testcase classname="com.src.Practicepackage.Hard_Assert_methods_uses" name="comapare" time="0.014"/>
  <system-out/>
</testsuite> <!-- com.src.Practicepackage.Hard_Assert_methods_uses -->
